Haveadrink/base-feature/build/outputs/mapping/feature/debug/seeds.txt
com.example.jaakko.haveadrink.HaveADrinkActivity
com.example.jaakko.haveadrink.HaveADrinkActivity: HaveADrinkActivity()
com.example.jaakko.haveadrink.R$anim: int abc_fade_in
com.example.jaakko.haveadrink.R$anim: int abc_fade_out
com.example.jaakko.haveadrink.R$anim: int abc_grow_fade_in_from_bottom
com.example.jaakko.haveadrink.R$anim: int abc_popup_enter
com.example.jaakko.haveadrink.R$anim: int abc_popup_exit
com.example.jaakko.haveadrink.R$anim: int abc_shrink_fade_out_from_bottom
com.example.jaakko.haveadrink.R$anim: int abc_slide_in_bottom
com.example.jaakko.haveadrink.R$anim: int abc_slide_in_top
com.example.jaakko.haveadrink.R$anim: int abc_slide_out_bottom
com.example.jaakko.haveadrink.R$anim: int abc_slide_out_top
com.example.jaakko.haveadrink.R$anim: int tooltip_enter
com.example.jaakko.haveadrink.R$anim: int tooltip_exit
com.example.jaakko.haveadrink.R$attr: int actionBarDivider
com.example.jaakko.haveadrink.R$attr: int actionBarItemBackground
com.example.jaakko.haveadrink.R$attr: int actionBarPopupTheme
com.example.jaakko.haveadrink.R$attr: int actionBarSize
com.example.jaakko.haveadrink.R$attr: int actionBarSplitStyle
com.example.jaakko.haveadrink.R$attr: int actionBarStyle
com.example.jaakko.haveadrink.R$attr: int actionBarTabBarStyle
com.example.jaakko.haveadrink.R$attr: int actionBarTabStyle
com.example.jaakko.haveadrink.R$attr: int actionBarTabTextStyle
com.example.jaakko.haveadrink.R$attr: int actionBarTheme
com.example.jaakko.haveadrink.R$attr: int actionBarWidgetTheme
com.example.jaakko.haveadrink.R$attr: int actionButtonStyle
com.example.jaakko.haveadrink.R$attr: int actionDropDownStyle
com.example.jaakko.haveadrink.R$attr: int actionLayout
com.example.jaakko.haveadrink.R$attr: int actionMenuTextAppearance
com.example.jaakko.haveadrink.R$attr: int actionMenuTextColor
com.example.jaakko.haveadrink.R$attr: int actionModeBackground
com.example.jaakko.haveadrink.R$attr: int actionModeCloseButtonStyle
com.example.jaakko.haveadrink.R$attr: int actionModeCloseDrawable
com.example.jaakko.haveadrink.R$attr: int actionModeCopyDrawable
com.example.jaakko.haveadrink.R$attr: int actionModeCutDrawable
com.example.jaakko.haveadrink.R$attr: int actionModeFindDrawable
com.example.jaakko.haveadrink.R$attr: int actionModePasteDrawable
com.example.jaakko.haveadrink.R$bool: int abc_action_bar_embed_tabs
com.example.jaakko.haveadrink.R$bool: int abc_allow_stacked_button_bar
com.example.jaakko.haveadrink.R$bool: int abc_config_actionMenuItemAllCaps
com.example.jaakko.haveadrink.R$bool: int abc_config_closeDialogWhenTouchOutside
com.example.jaakko.haveadrink.R$bool: int abc_config_showMenuShortcutsWhenKeyboardPresent
...
android.support.v7.widget.StaggeredGridLayoutManager$SavedState: android.os.Parcelable$Creator CREATOR
android.support.v7.widget.SwitchCompat: void setSwitchTypeface(android.graphics.Typeface)
android.support.v7.widget.SwitchCompat: void setSwitchPadding(int)
android.support.v7.widget.SwitchCompat: int getSwitchPadding()
android.support.v7.widget.SwitchCompat: void setSwitchMinWidth(int)
android.support.v7.widget.SwitchCompat: int getSwitchMinWidth()
android.support.v7.widget.SwitchCompat: void setThumbTextPadding(int)
android.support.v7.widget.SwitchCompat: int getThumbTextPadding()
android.support.v7.widget.SwitchCompat: void setTrackDrawable(android.graphics.drawable.Drawable)
android.support.v7.widget.SwitchCompat: void setTrackResource(int)
android.support.v7.widget.SwitchCompat: android.graphics.drawable.Drawable getTrackDrawable()
android.support.v7.widget.SwitchCompat: void setTrackTintList(android.content.res.ColorStateList)
android.support.v7.widget.SwitchCompat: android.content.res.ColorStateList getTrackTintList()
android.support.v7.widget.SwitchCompat: void setTrackTintMode(android.graphics.PorterDuff$Mode)
android.support.v7.widget.SwitchCompat: android.graphics.PorterDuff$Mode getTrackTintMode()
android.support.v7.widget.SwitchCompat: void setThumbDrawable(android.graphics.drawable.Drawable)
android.support.v7.widget.SwitchCompat: void setThumbResource(int)
android.support.v7.widget.SwitchCompat: android.graphics.drawable.Drawable getThumbDrawable()
android.support.v7.widget.SwitchCompat: void setThumbTintList(android.content.res.ColorStateList)
android.support.v7.widget.Toolbar
android.support.v7.widget.Toolbar: Toolbar(android.content.Context)
android.support.v7.widget.Toolbar: Toolbar(android.content.Context,android.util.AttributeSet)
android.support.v7.widget.Toolbar: Toolbar(android.content.Context,android.util.AttributeSet,int)
android.support.v7.widget.Toolbar: void setPopupTheme(int)
android.support.v7.widget.Toolbar: int getPopupTheme()
android.support.v7.widget.Toolbar: int getTitleMarginStart()
android.support.v7.widget.Toolbar: void setTitleMarginStart(int)
android.support.v7.widget.Toolbar: int getTitleMarginTop()
android.support.v7.widget.Toolbar: void setTitleMarginTop(int)
android.support.v7.widget.Toolbar: int getTitleMarginEnd()
android.support.v7.widget.Toolbar: void setTitleMarginEnd(int)
android.support.v7.widget.Toolbar: int getTitleMarginBottom()
android.support.v7.widget.Toolbar: void setTitleMarginBottom(int)
android.support.v7.widget.Toolbar: void setLogo(int)
android.support.v7.widget.Toolbar: void setLogo(android.graphics.drawable.Drawable)
android.support.v7.widget.Toolbar: android.graphics.drawable.Drawable getLogo()
android.support.v7.widget.Toolbar: void setLogoDescription(int)
android.support.v7.widget.Toolbar: void setLogoDescription(java.lang.CharSequence)
android.support.v7.widget.Toolbar: java.lang.CharSequence getLogoDescription()
android.support.v7.widget.Toolbar: java.lang.CharSequence getTitle()
android.support.v7.widget.Toolbar: void setTitle(int)
android.support.v7.widget.Toolbar$SavedState: android.os.Parcelable$Creator CREATOR