Haveadrink/base-feature/build/outputs/mapping/feature/debug/usage.txt
com.example.jaakko.haveadrink.BuildConfig
com.example.jaakko.haveadrink.R
com.example.jaakko.haveadrink.R$anim
com.example.jaakko.haveadrink.R$attr
com.example.jaakko.haveadrink.R$bool
com.example.jaakko.haveadrink.R$color
com.example.jaakko.haveadrink.R$dimen
com.example.jaakko.haveadrink.R$drawable
com.example.jaakko.haveadrink.R$id
com.example.jaakko.haveadrink.R$integer
com.example.jaakko.haveadrink.R$layout
com.example.jaakko.haveadrink.R$menu
com.example.jaakko.haveadrink.R$string
com.example.jaakko.haveadrink.R$style
com.example.jaakko.haveadrink.R$styleable
...
android.support.v4.os.LocaleListCompat
android.support.v4.os.LocaleListCompat$LocaleListCompatApi24Impl
android.support.v4.os.LocaleListCompat$LocaleListCompatBaseImpl
android.support.v4.os.LocaleListHelper
android.support.v4.os.LocaleListInterface
android.support.v4.os.OperationCanceledException
android.support.v4.os.ParcelableCompat
android.support.v4.os.ParcelableCompat$ParcelableCompatCreatorHoneycombMR2
android.support.v4.os.ParcelableCompatCreatorCallbacks
android.support.v4.os.ResultReceiver:
    80:83:public ResultReceiver(android.os.Handler)
    93:108:public void send(int,android.os.Bundle)
android.support.v4.os.TraceCompat:
    62:62:private TraceCompat()
android.support.v4.os.UserManagerCompat
android.support.v4.print.PrintHelper
android.support.v4.print.PrintHelper$1
android.support.v4.print.PrintHelper$ColorMode
android.support.v4.print.PrintHelper$OnPrintFinishCallback
android.support.v4.print.PrintHelper$Orientation
android.support.v4.print.PrintHelper$PrintHelperApi19
android.support.v4.print.PrintHelper$PrintHelperApi19$1
android.support.v4.print.PrintHelper$PrintHelperApi19$2
android.support.v4.print.PrintHelper$PrintHelperApi19$3
android.support.v4.print.PrintHelper$PrintHelperApi19$3$1
android.support.v4.print.PrintHelper$PrintHelperApi19$3$1$1
android.support.v4.print.PrintHelper$PrintHelperApi20
android.support.v4.print.PrintHelper$PrintHelperApi23
android.support.v4.print.PrintHelper$PrintHelperApi24
android.support.v4.print.PrintHelper$PrintHelperStub
android.support.v4.print.PrintHelper$PrintHelperVersionImpl
android.support.v4.print.PrintHelper$ScaleMode
android.support.v4.provider.DocumentFile
android.support.v4.provider.DocumentsContractApi19
android.support.v4.provider.DocumentsContractApi21
android.support.v4.provider.FontRequest:
    77:86:public FontRequest(java.lang.String,java.lang.String,java.lang.String,int)
android.support.v4.provider.FontsContractCompat:
    private static final java.lang.String TAG
    public static final java.lang.String PARCEL_FONT_RESULTS
    public static final int RESULT_CODE_PROVIDER_NOT_FOUND
    public static final int RESULT_CODE_WRONG_CERTIFICATES
    private static final int BACKGROUND_THREAD_KEEP_ALIVE_DURATION_MS
    76:76:private FontsContractCompat()
    476:589:public static void requestFont(android.content.Context,android.support.v4.provider.FontRequest,android.support.v4.provider.FontsContractCompat$FontRequestCallback,android.os.Handler)
    605:605:public static android.graphics.Typeface buildTypeface(android.content.Context,android.os.CancellationSignal,android.support.v4.provider.FontsContractCompat$FontInfo[])
android.support.v4.provider.FontsContractCompat$4
android.support.v4.provider.FontsContractCompat$4$1
android.support.v4.provider.FontsContractCompat$4$2
android.support.v4.provider.FontsContractCompat$4$3
android.support.v4.provider.FontsContractCompat$4$4
android.support.v4.provider.FontsContractCompat$4$5
android.support.v4.provider.FontsContractCompat$4$6
android.support.v4.provider.FontsContractCompat$4$7
android.support.v4.provider.FontsContractCompat$4$8
android.support.v4.provider.FontsContractCompat$4$9
android.support.v4.provider.FontsContractCompat$Columns
android.support.v4.provider.FontsContractCompat$FontFamilyResult:
    public static final int STATUS_OK
    public static final int STATUS_WRONG_CERTIFICATES
    public static final int STATUS_UNEXPECTED_DATA_PROVIDED
android.support.v4.provider.FontsContractCompat$FontFamilyResult$FontResultStatus
android.support.v4.provider.FontsContractCompat$FontRequestCallback
android.support.v4.provider.FontsContractCompat$FontRequestCallback$FontRequestFailReason
android.support.v4.provider.RawDocumentFile
android.support.v4.provider.SelfDestructiveThread:
    private static final int MSG_INVOKE_RUNNABLE
    private static final int MSG_DESTRUCTION
    90:92:public boolean isRunning()
    100:102:public int getGeneration()
android.support.v4.provider.SingleDocumentFile